Analysis & Synthesis report for HRC
Sat Nov 26 15:25:18 2022
Quartus Prime Version 20.1.1 Build 720 11/11/2020 SJ Lite Edition


---------------------
; Table of Contents ;
---------------------
  1. Legal Notice
  2. Analysis & Synthesis Summary
  3. Analysis & Synthesis Settings
  4. Parallel Compilation
  5. Analysis & Synthesis Messages



----------------
; Legal Notice ;
----------------
Copyright (C) 2020  Intel Corporation. All rights reserved.
Your use of Intel Corporation's design tools, logic functions 
and other software and tools, and any partner logic 
functions, and any output files from any of the foregoing 
(including device programming or simulation files), and any 
associated documentation or information are expressly subject 
to the terms and conditions of the Intel Program License 
Subscription Agreement, the Intel Quartus Prime License Agreement,
the Intel FPGA IP License Agreement, or other applicable license
agreement, including, without limitation, that your use is for
the sole purpose of programming logic devices manufactured by
Intel and sold by Intel or its authorized distributors.  Please
refer to the applicable agreement for further details, at
https://fpgasoftware.intel.com/eula.



+----------------------------------------------------------------------------------+
; Analysis & Synthesis Summary                                                     ;
+------------------------------------+---------------------------------------------+
; Analysis & Synthesis Status        ; Failed - Sat Nov 26 15:25:18 2022           ;
; Quartus Prime Version              ; 20.1.1 Build 720 11/11/2020 SJ Lite Edition ;
; Revision Name                      ; HRC                                         ;
; Top-level Entity Name              ; HRC                                         ;
; Family                             ; MAX 10                                      ;
; Total logic elements               ; N/A until Partition Merge                   ;
;     Total combinational functions  ; N/A until Partition Merge                   ;
;     Dedicated logic registers      ; N/A until Partition Merge                   ;
; Total registers                    ; N/A until Partition Merge                   ;
; Total pins                         ; N/A until Partition Merge                   ;
; Total virtual pins                 ; N/A until Partition Merge                   ;
; Total memory bits                  ; N/A until Partition Merge                   ;
; Embedded Multiplier 9-bit elements ; N/A until Partition Merge                   ;
; Total PLLs                         ; N/A until Partition Merge                   ;
; UFM blocks                         ; N/A until Partition Merge                   ;
; ADC blocks                         ; N/A until Partition Merge                   ;
+------------------------------------+---------------------------------------------+


+------------------------------------------------------------------------------------------------------------+
; Analysis & Synthesis Settings                                                                              ;
+------------------------------------------------------------------+--------------------+--------------------+
; Option                                                           ; Setting            ; Default Value      ;
+------------------------------------------------------------------+--------------------+--------------------+
; Device                                                           ; 10M25SAE144C8G     ;                    ;
; Top-level entity name                                            ; HRC                ; HRC                ;
; Family name                                                      ; MAX 10             ; Cyclone V          ;
; Use smart compilation                                            ; Off                ; Off                ;
; Enable parallel Assembler and Timing Analyzer during compilation ; On                 ; On                 ;
; Enable compact report table                                      ; Off                ; Off                ;
; Restructure Multiplexers                                         ; Auto               ; Auto               ;
; Create Debugging Nodes for IP Cores                              ; Off                ; Off                ;
; Preserve fewer node names                                        ; On                 ; On                 ;
; Intel FPGA IP Evaluation Mode                                    ; Enable             ; Enable             ;
; Verilog Version                                                  ; Verilog_2001       ; Verilog_2001       ;
; VHDL Version                                                     ; VHDL_1993          ; VHDL_1993          ;
; State Machine Processing                                         ; Auto               ; Auto               ;
; Safe State Machine                                               ; Off                ; Off                ;
; Extract Verilog State Machines                                   ; On                 ; On                 ;
; Extract VHDL State Machines                                      ; On                 ; On                 ;
; Ignore Verilog initial constructs                                ; Off                ; Off                ;
; Iteration limit for constant Verilog loops                       ; 5000               ; 5000               ;
; Iteration limit for non-constant Verilog loops                   ; 250                ; 250                ;
; Add Pass-Through Logic to Inferred RAMs                          ; On                 ; On                 ;
; Infer RAMs from Raw Logic                                        ; On                 ; On                 ;
; Parallel Synthesis                                               ; On                 ; On                 ;
; DSP Block Balancing                                              ; Auto               ; Auto               ;
; NOT Gate Push-Back                                               ; On                 ; On                 ;
; Power-Up Don't Care                                              ; On                 ; On                 ;
; Remove Redundant Logic Cells                                     ; Off                ; Off                ;
; Remove Duplicate Registers                                       ; On                 ; On                 ;
; Ignore CARRY Buffers                                             ; Off                ; Off                ;
; Ignore CASCADE Buffers                                           ; Off                ; Off                ;
; Ignore GLOBAL Buffers                                            ; Off                ; Off                ;
; Ignore ROW GLOBAL Buffers                                        ; Off                ; Off                ;
; Ignore LCELL Buffers                                             ; Off                ; Off                ;
; Ignore SOFT Buffers                                              ; On                 ; On                 ;
; Limit AHDL Integers to 32 Bits                                   ; Off                ; Off                ;
; Optimization Technique                                           ; Balanced           ; Balanced           ;
; Carry Chain Length                                               ; 70                 ; 70                 ;
; Auto Carry Chains                                                ; On                 ; On                 ;
; Auto Open-Drain Pins                                             ; On                 ; On                 ;
; Perform WYSIWYG Primitive Resynthesis                            ; Off                ; Off                ;
; Auto ROM Replacement                                             ; On                 ; On                 ;
; Auto RAM Replacement                                             ; On                 ; On                 ;
; Auto DSP Block Replacement                                       ; On                 ; On                 ;
; Auto Shift Register Replacement                                  ; Auto               ; Auto               ;
; Allow Shift Register Merging across Hierarchies                  ; Auto               ; Auto               ;
; Auto Clock Enable Replacement                                    ; On                 ; On                 ;
; Strict RAM Replacement                                           ; Off                ; Off                ;
; Allow Synchronous Control Signals                                ; On                 ; On                 ;
; Force Use of Synchronous Clear Signals                           ; Off                ; Off                ;
; Auto RAM Block Balancing                                         ; On                 ; On                 ;
; Auto RAM to Logic Cell Conversion                                ; Off                ; Off                ;
; Auto Resource Sharing                                            ; Off                ; Off                ;
; Allow Any RAM Size For Recognition                               ; Off                ; Off                ;
; Allow Any ROM Size For Recognition                               ; Off                ; Off                ;
; Allow Any Shift Register Size For Recognition                    ; Off                ; Off                ;
; Use LogicLock Constraints during Resource Balancing              ; On                 ; On                 ;
; Ignore translate_off and synthesis_off directives                ; Off                ; Off                ;
; Timing-Driven Synthesis                                          ; On                 ; On                 ;
; Report Parameter Settings                                        ; On                 ; On                 ;
; Report Source Assignments                                        ; On                 ; On                 ;
; Report Connectivity Checks                                       ; On                 ; On                 ;
; Ignore Maximum Fan-Out Assignments                               ; Off                ; Off                ;
; Synchronization Register Chain Length                            ; 2                  ; 2                  ;
; Power Optimization During Synthesis                              ; Normal compilation ; Normal compilation ;
; HDL message level                                                ; Level2             ; Level2             ;
; Suppress Register Optimization Related Messages                  ; Off                ; Off                ;
; Number of Removed Registers Reported in Synthesis Report         ; 5000               ; 5000               ;
; Number of Swept Nodes Reported in Synthesis Report               ; 5000               ; 5000               ;
; Number of Inverted Registers Reported in Synthesis Report        ; 100                ; 100                ;
; Clock MUX Protection                                             ; On                 ; On                 ;
; Auto Gated Clock Conversion                                      ; Off                ; Off                ;
; Block Design Naming                                              ; Auto               ; Auto               ;
; SDC constraint protection                                        ; Off                ; Off                ;
; Synthesis Effort                                                 ; Auto               ; Auto               ;
; Shift Register Replacement - Allow Asynchronous Clear Signal     ; On                 ; On                 ;
; Pre-Mapping Resynthesis Optimization                             ; Off                ; Off                ;
; Analysis & Synthesis Message Level                               ; Medium             ; Medium             ;
; Disable Register Merging Across Hierarchies                      ; Auto               ; Auto               ;
; Resource Aware Inference For Block RAM                           ; On                 ; On                 ;
+------------------------------------------------------------------+--------------------+--------------------+


+------------------------------------------+
; Parallel Compilation                     ;
+----------------------------+-------------+
; Processors                 ; Number      ;
+----------------------------+-------------+
; Number detected on machine ; 16          ;
; Maximum allowed            ; 16          ;
;                            ;             ;
; Average used               ; 1.00        ;
; Maximum used               ; 1           ;
;                            ;             ;
; Usage by Processor         ; % Time Used ;
;     Processor 1            ; 100.0%      ;
+----------------------------+-------------+


+-------------------------------+
; Analysis & Synthesis Messages ;
+-------------------------------+
Info: *******************************************************************
Info: Running Quartus Prime Analysis & Synthesis
    Info: Version 20.1.1 Build 720 11/11/2020 SJ Lite Edition
    Info: Processing started: Sat Nov 26 15:25:10 2022
Info: Command: quartus_map --read_settings_files=on --write_settings_files=off HRC -c HRC
Warning (18236): Number of processors has not been specified which may cause overloading on shared machines.  Set the global assignment NUM_PARALLEL_PROCESSORS in your QSF to an appropriate value for best performance.
Info (20030): Parallel compilation is enabled and will use 16 of the 16 processors detected
Info (12021): Found 2 design units, including 1 entities, in source file alu.vhd
    Info (12022): Found design unit 1: ALU-behave File: C:/SEM3/VHDL Github/CPU_project/ALU.vhd Line: 15
    Info (12023): Found entity 1: ALU File: C:/SEM3/VHDL Github/CPU_project/ALU.vhd Line: 5
Info (12021): Found 2 design units, including 1 entities, in source file signedext.vhd
    Info (12022): Found design unit 1: SE10-struct File: C:/SEM3/VHDL Github/CPU_project/SignedExt.vhd Line: 10
    Info (12023): Found entity 1: SE10 File: C:/SEM3/VHDL Github/CPU_project/SignedExt.vhd Line: 5
Error (10500): VHDL syntax error at Register_file.vhd(14) near text ";";  expecting "(", or an identifier, or  unary operator File: C:/SEM3/VHDL Github/CPU_project/Register_file.vhd Line: 14
Error (10500): VHDL syntax error at Register_file.vhd(18) near text ")";  expecting ":", or "," File: C:/SEM3/VHDL Github/CPU_project/Register_file.vhd Line: 18
Error (10500): VHDL syntax error at Register_file.vhd(27) near text ")";  expecting ":", or "," File: C:/SEM3/VHDL Github/CPU_project/Register_file.vhd Line: 27
Info (12021): Found 0 design units, including 0 entities, in source file register_file.vhd
Error (10500): VHDL syntax error at Datapath.vhdl(23) near text ")";  expecting an identifier, or "constant", or "file", or "signal", or "variable" File: C:/SEM3/VHDL Github/CPU_project/Datapath.vhdl Line: 23
Error (10500): VHDL syntax error at Datapath.vhdl(36) near text "component";  expecting ";", or an identifier ("component" is a reserved keyword), or "entity" File: C:/SEM3/VHDL Github/CPU_project/Datapath.vhdl Line: 36
Error (10500): VHDL syntax error at Datapath.vhdl(132) near text ")";  expecting "(", or an identifier, or  unary operator File: C:/SEM3/VHDL Github/CPU_project/Datapath.vhdl Line: 132
Error (10500): VHDL syntax error at Datapath.vhdl(136) near text "D3";  expecting ":", or "," File: C:/SEM3/VHDL Github/CPU_project/Datapath.vhdl Line: 136
Error (10500): VHDL syntax error at Datapath.vhdl(137) near text "A3";  expecting ":", or "," File: C:/SEM3/VHDL Github/CPU_project/Datapath.vhdl Line: 137
Error (10500): VHDL syntax error at Datapath.vhdl(187) near text ",";  expecting "(", or an identifier, or  unary operator File: C:/SEM3/VHDL Github/CPU_project/Datapath.vhdl Line: 187
Error (10396): VHDL syntax error at Datapath.vhdl(191): name used in construct must match previously specified name "Datapath" File: C:/SEM3/VHDL Github/CPU_project/Datapath.vhdl Line: 191
Error (10523): Ignored construct Datapath at Datapath.vhdl(5) due to previous errors File: C:/SEM3/VHDL Github/CPU_project/Datapath.vhdl Line: 5
Info (12021): Found 0 design units, including 0 entities, in source file datapath.vhdl
Error (10500): VHDL syntax error at components.vhd(20) near text "case";  expecting "end", or "(", or an identifier ("case" is a reserved keyword), or a concurrent statement File: C:/SEM3/VHDL Github/CPU_project/components.vhd Line: 20
Error (10500): VHDL syntax error at components.vhd(23) near text "when";  expecting "end", or "(", or an identifier ("when" is a reserved keyword), or a concurrent statement File: C:/SEM3/VHDL Github/CPU_project/components.vhd Line: 23
Error (10500): VHDL syntax error at components.vhd(25) near text "when";  expecting "end", or "(", or an identifier ("when" is a reserved keyword), or a concurrent statement File: C:/SEM3/VHDL Github/CPU_project/components.vhd Line: 25
Error (10500): VHDL syntax error at components.vhd(27) near text "when";  expecting "end", or "(", or an identifier ("when" is a reserved keyword), or a concurrent statement File: C:/SEM3/VHDL Github/CPU_project/components.vhd Line: 27
Error (10500): VHDL syntax error at components.vhd(29) near text "when";  expecting "end", or "(", or an identifier ("when" is a reserved keyword), or a concurrent statement File: C:/SEM3/VHDL Github/CPU_project/components.vhd Line: 29
Error (10500): VHDL syntax error at components.vhd(31) near text "when";  expecting "end", or "(", or an identifier ("when" is a reserved keyword), or a concurrent statement File: C:/SEM3/VHDL Github/CPU_project/components.vhd Line: 31
Error (10500): VHDL syntax error at components.vhd(33) near text "when";  expecting "end", or "(", or an identifier ("when" is a reserved keyword), or a concurrent statement File: C:/SEM3/VHDL Github/CPU_project/components.vhd Line: 33
Error (10500): VHDL syntax error at components.vhd(35) near text "when";  expecting "end", or "(", or an identifier ("when" is a reserved keyword), or a concurrent statement File: C:/SEM3/VHDL Github/CPU_project/components.vhd Line: 35
Error (10500): VHDL syntax error at components.vhd(37) near text "when";  expecting "end", or "(", or an identifier ("when" is a reserved keyword), or a concurrent statement File: C:/SEM3/VHDL Github/CPU_project/components.vhd Line: 37
Error (10500): VHDL syntax error at components.vhd(39) near text "case";  expecting ";", or an identifier ("case" is a reserved keyword), or "architecture" File: C:/SEM3/VHDL Github/CPU_project/components.vhd Line: 39
Error (10523): Ignored construct Mux16_4x1 at components.vhd(46) due to previous errors File: C:/SEM3/VHDL Github/CPU_project/components.vhd Line: 46
Error (10500): VHDL syntax error at components.vhd(56) near text "case";  expecting "end", or "(", or an identifier ("case" is a reserved keyword), or a concurrent statement File: C:/SEM3/VHDL Github/CPU_project/components.vhd Line: 56
Error (10500): VHDL syntax error at components.vhd(59) near text "when";  expecting "end", or "(", or an identifier ("when" is a reserved keyword), or a concurrent statement File: C:/SEM3/VHDL Github/CPU_project/components.vhd Line: 59
Error (10500): VHDL syntax error at components.vhd(61) near text "when";  expecting "end", or "(", or an identifier ("when" is a reserved keyword), or a concurrent statement File: C:/SEM3/VHDL Github/CPU_project/components.vhd Line: 61
Error (10500): VHDL syntax error at components.vhd(63) near text "when";  expecting "end", or "(", or an identifier ("when" is a reserved keyword), or a concurrent statement File: C:/SEM3/VHDL Github/CPU_project/components.vhd Line: 63
Error (10500): VHDL syntax error at components.vhd(65) near text "when";  expecting "end", or "(", or an identifier ("when" is a reserved keyword), or a concurrent statement File: C:/SEM3/VHDL Github/CPU_project/components.vhd Line: 65
Error (10500): VHDL syntax error at components.vhd(67) near text "case";  expecting ";", or an identifier ("case" is a reserved keyword), or "architecture" File: C:/SEM3/VHDL Github/CPU_project/components.vhd Line: 67
Error (10523): Ignored construct Mux16_2x1 at components.vhd(74) due to previous errors File: C:/SEM3/VHDL Github/CPU_project/components.vhd Line: 74
Error (10500): VHDL syntax error at components.vhd(82) near text "case";  expecting "end", or "(", or an identifier ("case" is a reserved keyword), or a concurrent statement File: C:/SEM3/VHDL Github/CPU_project/components.vhd Line: 82
Info (12021): Found 0 design units, including 0 entities, in source file components.vhd
Info (12021): Found 4 design units, including 2 entities, in source file se7.vhd
    Info (12022): Found design unit 1: Shifter7-struct File: C:/SEM3/VHDL Github/CPU_project/SE7.vhd Line: 10
    Info (12022): Found design unit 2: SE7-struct File: C:/SEM3/VHDL Github/CPU_project/SE7.vhd Line: 29
    Info (12023): Found entity 1: Shifter7 File: C:/SEM3/VHDL Github/CPU_project/SE7.vhd Line: 5
    Info (12023): Found entity 2: SE7 File: C:/SEM3/VHDL Github/CPU_project/SE7.vhd Line: 24
Error (10500): VHDL syntax error at FSM.vhd(8) near text ")";  expecting an identifier, or "constant", or "file", or "signal", or "variable" File: C:/SEM3/VHDL Github/CPU_project/FSM.vhd Line: 8
Error (10500): VHDL syntax error at FSM.vhd(14) near text ")";  expecting ":", or "," File: C:/SEM3/VHDL Github/CPU_project/FSM.vhd Line: 14
Error (10500): VHDL syntax error at FSM.vhd(17) near text "begin";  expecting an identifier ("begin" is a reserved keyword), or "constant", or "file", or "signal", or "variable" File: C:/SEM3/VHDL Github/CPU_project/FSM.vhd Line: 17
Error (10500): VHDL syntax error at FSM.vhd(18) near text ")";  expecting ":", or "," File: C:/SEM3/VHDL Github/CPU_project/FSM.vhd Line: 18
Info (12021): Found 0 design units, including 0 entities, in source file fsm.vhd
Info (12021): Found 2 design units, including 1 entities, in source file temp_reg.vhd
    Info (12022): Found design unit 1: Temp_Reg-struct File: C:/SEM3/VHDL Github/CPU_project/Temp_Reg.vhd Line: 11
    Info (12023): Found entity 1: Temp_Reg File: C:/SEM3/VHDL Github/CPU_project/Temp_Reg.vhd Line: 5
Info (12021): Found 2 design units, including 1 entities, in source file memory.vhd
    Info (12022): Found design unit 1: Memory-struct File: C:/SEM3/VHDL Github/CPU_project/Memory.vhd Line: 12
    Info (12023): Found entity 1: Memory File: C:/SEM3/VHDL Github/CPU_project/Memory.vhd Line: 5
Error: Quartus Prime Analysis & Synthesis was unsuccessful. 34 errors, 1 warning
    Error: Peak virtual memory: 4778 megabytes
    Error: Processing ended: Sat Nov 26 15:25:18 2022
    Error: Elapsed time: 00:00:08
    Error: Total CPU time (on all processors): 00:00:21


